SF:lib\core\network\dio_client.dart
DA:8,0
DA:10,0
DA:11,0
DA:14,0
DA:15,0
DA:18,0
DA:19,0
DA:22,0
DA:23,0
LF:9
LH:0
end_of_record
SF:lib\features\auth\data\models\token_respond_model.dart
DA:9,3
DA:11,2
DA:12,1
DA:13,2
DA:14,2
DA:15,3
LF:6
LH:6
end_of_record
SF:lib\features\auth\data\source\auth_remote_datasource_impl.dart
DA:12,1
DA:14,1
DA:17,1
DA:18,1
DA:19,1
DA:21,1
DA:24,2
DA:26,4
DA:27,3
DA:30,3
DA:31,1
DA:32,1
DA:33,2
DA:34,1
DA:35,1
DA:36,2
DA:38,3
DA:41,2
DA:45,1
DA:48,2
DA:50,1
DA:52,4
DA:53,3
DA:55,3
DA:56,1
DA:57,1
DA:58,2
DA:59,1
DA:60,1
DA:61,2
DA:63,0
DA:66,2
DA:70,1
DA:72,2
DA:73,4
DA:74,3
DA:78,1
DA:81,2
DA:83,1
DA:85,4
DA:86,3
DA:88,1
DA:89,1
DA:90,2
DA:91,1
DA:92,1
DA:93,2
DA:95,0
DA:98,2
DA:102,1
DA:105,2
DA:107,1
DA:109,4
DA:110,3
DA:112,3
DA:113,1
DA:114,1
DA:115,2
DA:116,1
DA:117,1
DA:118,2
DA:120,0
DA:123,2
DA:127,1
DA:130,2
DA:132,1
DA:134,4
DA:135,3
DA:137,1
DA:138,1
DA:139,2
DA:140,1
DA:141,1
DA:142,2
DA:144,0
DA:147,2
DA:151,1
DA:154,2
DA:156,1
DA:158,4
DA:159,3
DA:161,1
DA:162,1
DA:163,2
DA:164,1
DA:165,1
DA:166,2
DA:168,0
DA:171,2
DA:175,1
DA:177,2
DA:179,1
DA:181,4
DA:182,3
LF:94
LH:89
end_of_record
SF:lib\features\user\data\models\user_model.dart
DA:10,4
DA:20,2
DA:21,2
DA:22,1
DA:23,1
DA:24,1
DA:25,1
DA:26,1
DA:27,2
DA:30,0
DA:31,0
DA:32,0
DA:33,0
DA:34,0
DA:35,0
DA:36,0
DA:37,0
LF:17
LH:9
end_of_record
SF:lib\config\l10n\app_localizations.dart
DA:65,2
DA:66,4
DA:70,1
DA:71,1
DA:1934,4
DA:1936,1
DA:1938,2
DA:1941,1
DA:1943,3
DA:1945,0
DA:1949,1
DA:1951,1
DA:1952,1
DA:1953,1
DA:1954,0
DA:1955,0
DA:1958,0
LF:17
LH:13
end_of_record
SF:lib\config\l10n\app_localizations_en.dart
DA:9,4
DA:11,0
DA:14,0
DA:17,0
DA:20,0
DA:23,0
DA:26,0
DA:29,0
DA:32,0
DA:35,0
DA:39,1
DA:42,1
DA:45,0
DA:48,1
DA:51,1
DA:54,0
DA:57,0
DA:60,1
DA:63,1
DA:66,0
DA:69,0
DA:72,0
DA:75,0
DA:78,1
DA:81,0
DA:84,0
DA:88,0
DA:91,0
DA:94,0
DA:97,0
DA:100,0
DA:103,0
DA:106,0
DA:109,0
DA:112,0
DA:115,0
DA:118,0
DA:121,0
DA:124,0
DA:127,0
DA:130,0
DA:134,0
DA:137,0
DA:141,0
DA:144,0
DA:147,0
DA:150,0
DA:153,0
DA:156,0
DA:159,0
DA:162,0
DA:165,0
DA:168,0
DA:171,0
DA:174,0
DA:177,0
DA:180,0
DA:183,0
DA:186,0
DA:189,0
DA:192,0
DA:195,0
DA:198,0
DA:201,0
DA:204,0
DA:207,0
DA:210,0
DA:213,0
DA:216,0
DA:219,0
DA:222,0
DA:225,0
DA:228,0
DA:231,0
DA:234,0
DA:237,0
DA:240,0
DA:243,0
DA:246,0
DA:249,0
DA:252,0
DA:255,0
DA:258,0
DA:261,0
DA:264,0
DA:267,0
DA:270,0
DA:273,0
DA:276,0
DA:279,0
DA:282,0
DA:285,0
DA:288,0
DA:291,0
DA:294,0
DA:297,0
DA:300,0
DA:303,1
DA:306,1
DA:309,1
DA:312,1
DA:315,1
DA:319,1
DA:322,1
DA:325,1
DA:328,1
DA:331,1
DA:335,1
DA:338,1
DA:341,1
DA:344,1
DA:347,0
DA:350,1
DA:353,0
DA:356,1
DA:359,0
DA:362,0
DA:365,0
DA:368,0
DA:371,0
DA:374,0
DA:377,0
DA:380,0
DA:383,0
DA:386,0
DA:389,0
DA:392,0
DA:395,0
DA:398,0
DA:401,0
DA:404,0
DA:407,0
DA:410,0
DA:413,0
DA:416,0
DA:419,0
DA:422,0
DA:425,0
DA:428,0
DA:431,0
DA:434,0
DA:437,0
DA:440,0
DA:443,0
DA:446,0
DA:449,0
DA:452,0
DA:455,0
DA:458,0
DA:461,0
DA:464,0
DA:467,0
DA:470,0
DA:473,0
DA:476,0
DA:479,0
DA:481,0
DA:484,0
DA:486,0
DA:489,0
DA:492,0
DA:496,0
DA:500,0
DA:504,0
DA:507,0
DA:511,0
DA:514,0
DA:517,0
DA:520,0
DA:523,0
DA:526,0
DA:530,0
DA:534,0
DA:538,0
DA:541,0
DA:545,0
DA:549,0
DA:553,0
DA:556,0
DA:559,0
DA:563,0
DA:567,0
DA:571,0
DA:574,0
DA:577,0
DA:581,0
DA:585,0
DA:589,0
DA:592,0
DA:595,0
DA:599,0
DA:603,0
DA:606,0
DA:610,0
DA:614,0
DA:618,0
DA:621,0
DA:624,0
DA:628,0
DA:632,0
DA:635,0
DA:638,0
DA:642,0
DA:645,0
DA:649,0
DA:653,0
DA:657,0
DA:660,0
DA:664,0
DA:667,0
DA:670,0
DA:673,0
DA:677,0
DA:680,0
DA:683,0
DA:686,0
DA:689,0
DA:693,0
DA:697,0
DA:701,0
DA:704,0
DA:707,0
DA:711,0
DA:714,0
DA:717,0
DA:720,0
DA:723,0
DA:727,0
DA:731,0
DA:735,0
DA:738,0
DA:741,0
DA:745,0
DA:749,0
DA:752,0
DA:756,0
DA:760,0
DA:763,0
DA:766,0
DA:770,0
DA:774,0
DA:777,0
DA:781,0
DA:784,0
DA:788,0
DA:792,0
DA:795,0
DA:798,0
DA:801,0
DA:805,0
DA:809,0
DA:812,0
DA:816,0
DA:820,0
DA:824,0
DA:827,0
DA:830,0
DA:834,0
DA:837,0
DA:841,0
DA:844,0
DA:848,0
DA:851,0
DA:854,0
DA:858,0
DA:862,0
DA:865,0
DA:869,0
DA:873,0
DA:876,0
DA:880,0
DA:883,0
DA:885,0
DA:888,0
DA:890,0
DA:893,0
DA:895,0
DA:898,0
DA:901,0
DA:904,0
DA:908,0
DA:911,0
DA:915,0
DA:919,0
DA:921,0
DA:924,0
DA:927,0
DA:930,0
DA:933,0
DA:936,0
DA:940,0
DA:943,0
DA:946,0
DA:949,1
DA:952,1
DA:955,0
DA:959,0
DA:962,1
DA:965,1
DA:968,1
DA:971,0
DA:974,0
DA:978,0
DA:982,0
DA:985,0
DA:988,0
DA:991,0
DA:994,0
DA:996,0
DA:999,0
DA:1002,0
DA:1005,0
DA:1008,0
LF:313
LH:29
end_of_record
SF:lib\config\l10n\app_localizations_vi.dart
DA:9,0
DA:11,0
DA:14,0
DA:17,0
DA:20,0
DA:23,0
DA:26,0
DA:29,0
DA:32,0
DA:36,0
DA:40,0
DA:43,0
DA:46,0
DA:49,0
DA:52,0
DA:55,0
DA:58,0
DA:61,0
DA:64,0
DA:67,0
DA:70,0
DA:74,0
DA:77,0
DA:80,0
DA:83,0
DA:86,0
DA:90,0
DA:93,0
DA:96,0
DA:99,0
DA:102,0
DA:105,0
DA:108,0
DA:111,0
DA:114,0
DA:117,0
DA:120,0
DA:123,0
DA:126,0
DA:129,0
DA:132,0
DA:136,0
DA:139,0
DA:143,0
DA:146,0
DA:149,0
DA:152,0
DA:155,0
DA:158,0
DA:161,0
DA:164,0
DA:167,0
DA:170,0
DA:173,0
DA:176,0
DA:179,0
DA:182,0
DA:185,0
DA:188,0
DA:191,0
DA:194,0
DA:197,0
DA:200,0
DA:203,0
DA:206,0
DA:209,0
DA:212,0
DA:215,0
DA:218,0
DA:221,0
DA:224,0
DA:227,0
DA:230,0
DA:233,0
DA:236,0
DA:239,0
DA:242,0
DA:245,0
DA:248,0
DA:251,0
DA:254,0
DA:257,0
DA:260,0
DA:263,0
DA:266,0
DA:269,0
DA:272,0
DA:275,0
DA:278,0
DA:281,0
DA:284,0
DA:287,0
DA:290,0
DA:293,0
DA:296,0
DA:299,0
DA:302,0
DA:305,0
DA:308,0
DA:311,0
DA:314,0
DA:317,0
DA:321,0
DA:324,0
DA:327,0
DA:330,0
DA:333,0
DA:336,0
DA:339,0
DA:342,0
DA:345,0
DA:348,0
DA:351,0
DA:354,0
DA:357,0
DA:361,0
DA:365,0
DA:368,0
DA:371,0
DA:374,0
DA:377,0
DA:380,0
DA:383,0
DA:386,0
DA:389,0
DA:392,0
DA:395,0
DA:398,0
DA:401,0
DA:404,0
DA:407,0
DA:410,0
DA:413,0
DA:416,0
DA:419,0
DA:422,0
DA:425,0
DA:428,0
DA:431,0
DA:434,0
DA:437,0
DA:440,0
DA:443,0
DA:446,0
DA:449,0
DA:452,0
DA:455,0
DA:458,0
DA:461,0
DA:464,0
DA:467,0
DA:470,0
DA:473,0
DA:476,0
DA:479,0
DA:482,0
DA:484,0
DA:487,0
DA:489,0
DA:492,0
DA:495,0
DA:499,0
DA:503,0
DA:507,0
DA:510,0
DA:514,0
DA:517,0
DA:520,0
DA:524,0
DA:527,0
DA:530,0
DA:534,0
DA:538,0
DA:541,0
DA:544,0
DA:548,0
DA:552,0
DA:556,0
DA:559,0
DA:562,0
DA:566,0
DA:570,0
DA:574,0
DA:577,0
DA:580,0
DA:584,0
DA:588,0
DA:592,0
DA:595,0
DA:598,0
DA:602,0
DA:606,0
DA:610,0
DA:614,0
DA:618,0
DA:622,0
DA:625,0
DA:628,0
DA:632,0
DA:636,0
DA:639,0
DA:642,0
DA:646,0
DA:649,0
DA:653,0
DA:657,0
DA:661,0
DA:664,0
DA:668,0
DA:672,0
DA:675,0
DA:678,0
DA:682,0
DA:685,0
DA:688,0
DA:691,0
DA:694,0
DA:698,0
DA:702,0
DA:706,0
DA:709,0
DA:712,0
DA:716,0
DA:719,0
DA:722,0
DA:725,0
DA:728,0
DA:732,0
DA:736,0
DA:740,0
DA:743,0
DA:746,0
DA:750,0
DA:754,0
DA:757,0
DA:761,0
DA:765,0
DA:768,0
DA:771,0
DA:775,0
DA:779,0
DA:782,0
DA:786,0
DA:789,0
DA:792,0
DA:795,0
DA:798,0
DA:801,0
DA:804,0
DA:808,0
DA:812,0
DA:815,0
DA:819,0
DA:823,0
DA:827,0
DA:830,0
DA:833,0
DA:837,0
DA:840,0
DA:844,0
DA:847,0
DA:851,0
DA:854,0
DA:857,0
DA:861,0
DA:865,0
DA:868,0
DA:872,0
DA:876,0
DA:879,0
DA:883,0
DA:886,0
DA:888,0
DA:891,0
DA:893,0
DA:896,0
DA:898,0
DA:901,0
DA:904,0
DA:907,0
DA:911,0
DA:914,0
DA:918,0
DA:922,0
DA:924,0
DA:927,0
DA:930,0
DA:933,0
DA:936,0
DA:939,0
DA:943,0
DA:946,0
DA:949,0
DA:952,0
DA:955,0
DA:958,0
DA:962,0
DA:965,0
DA:968,0
DA:971,0
DA:974,0
DA:977,0
DA:981,0
DA:985,0
DA:988,0
DA:991,0
DA:994,0
DA:997,0
DA:999,0
DA:1002,0
DA:1005,0
DA:1008,0
DA:1011,0
LF:313
LH:0
end_of_record
SF:lib\config\location\locale_cubit.dart
DA:6,0
DA:8,0
DA:9,0
DA:10,0
DA:13,0
DA:14,0
DA:15,0
LF:7
LH:0
end_of_record
SF:lib\shared\services\local\hive_service.dart
DA:13,1
DA:18,1
DA:20,1
DA:23,0
DA:27,1
DA:29,0
DA:32,0
DA:37,0
DA:41,0
DA:42,0
DA:44,0
DA:45,0
DA:48,0
DA:49,0
DA:50,0
DA:52,0
DA:53,0
DA:54,0
DA:60,0
DA:61,0
DA:63,0
DA:64,0
DA:73,0
DA:74,0
DA:75,0
DA:76,0
DA:79,0
DA:80,0
DA:81,0
DA:82,0
DA:85,0
DA:86,0
DA:87,0
DA:88,0
DA:92,0
DA:102,0
DA:103,0
DA:107,0
DA:109,0
DA:110,0
DA:113,0
DA:114,0
DA:117,0
DA:118,0
DA:121,1
DA:125,1
LF:46
LH:6
end_of_record
SF:lib\config\routes\go_router_refresh_stream.dart
DA:5,0
DA:6,0
DA:7,0
DA:10,0
DA:12,0
DA:13,0
LF:6
LH:0
end_of_record
SF:lib\config\routes\page_builder.dart
DA:4,0
DA:7,0
DA:11,0
DA:13,0
DA:15,0
DA:16,0
DA:19,0
LF:7
LH:0
end_of_record
SF:lib\config\routes\router.dart
DA:52,0
DA:54,0
DA:55,0
DA:57,0
DA:59,0
DA:60,0
DA:61,0
DA:62,0
DA:65,0
DA:66,0
DA:69,0
DA:72,0
DA:73,0
DA:76,0
DA:79,0
DA:80,0
DA:81,0
DA:83,0
DA:89,0
DA:92,0
DA:93,0
DA:95,0
DA:98,0
DA:99,0
DA:100,0
DA:101,0
DA:104,0
DA:105,0
DA:108,0
DA:111,0
DA:112,0
DA:113,0
DA:117,0
DA:120,0
DA:121,0
DA:122,0
DA:123,0
DA:129,0
DA:132,0
DA:133,0
DA:136,0
DA:139,0
DA:140,0
DA:141,0
DA:143,0
DA:145,0
DA:163,0
DA:166,0
DA:167,0
DA:168,0
DA:170,0
DA:172,0
DA:190,0
DA:193,0
DA:194,0
DA:236,0
DA:239,0
DA:240,0
DA:243,0
DA:246,0
DA:247,0
DA:250,0
DA:251,0
DA:252,0
DA:254,0
DA:255,0
DA:256,0
DA:257,0
DA:261,0
DA:266,0
DA:271,0
DA:279,0
DA:282,0
DA:283,0
DA:287,0
DA:295,0
DA:297,0
LF:77
LH:0
end_of_record
SF:lib\config\themes\app_theme.dart
DA:22,0
DA:25,0
DA:31,0
DA:32,0
DA:33,0
DA:35,0
DA:37,0
DA:39,0
DA:40,0
DA:41,0
DA:42,0
DA:43,0
DA:47,0
DA:50,0
DA:56,0
DA:57,0
DA:58,0
DA:60,0
DA:62,0
DA:63,0
DA:64,0
DA:65,0
DA:66,0
DA:67,0
LF:24
LH:0
end_of_record
SF:lib\features\auth\presentation\bloc\auth_state.dart
DA:4,5
DA:6,0
DA:7,0
DA:15,4
DA:17,0
DA:18,0
DA:25,0
DA:27,0
DA:28,0
DA:35,0
DA:37,0
DA:38,0
DA:43,0
DA:45,0
DA:46,0
LF:15
LH:2
end_of_record
SF:lib\features\auth\presentation\bloc\auth_bloc.dart
DA:17,0
DA:19,0
DA:20,0
DA:21,0
DA:23,0
DA:24,0
DA:25,0
DA:26,0
DA:28,0
DA:31,0
DA:35,0
DA:37,0
DA:38,0
DA:39,0
DA:40,0
DA:42,0
DA:43,0
DA:44,0
DA:45,0
DA:49,0
DA:50,0
DA:51,0
DA:52,0
DA:53,0
DA:54,0
DA:55,0
DA:56,0
DA:63,0
DA:65,0
DA:67,0
DA:69,0
DA:70,0
DA:71,0
DA:72,0
DA:74,0
DA:79,0
DA:83,0
DA:85,0
DA:86,0
DA:88,0
DA:89,0
DA:90,0
DA:91,0
DA:95,0
DA:96,0
DA:97,0
DA:98,0
DA:99,0
DA:100,0
DA:101,0
DA:102,0
DA:109,0
DA:111,0
DA:113,0
DA:115,0
DA:116,0
DA:118,0
DA:123,0
DA:128,0
DA:130,0
DA:131,0
DA:134,0
DA:136,0
DA:137,0
DA:139,0
DA:141,0
DA:142,0
DA:146,0
DA:151,0
DA:153,0
DA:155,0
DA:156,0
DA:160,0
DA:163,0
DA:165,0
DA:166,0
DA:170,0
DA:174,0
DA:176,0
DA:177,0
DA:179,0
DA:180,0
DA:181,0
DA:184,0
DA:185,0
DA:187,0
DA:188,0
DA:190,0
DA:195,0
DA:199,0
DA:201,0
DA:202,0
DA:204,0
DA:206,0
DA:207,0
DA:208,0
DA:209,0
DA:211,0
DA:216,0
DA:220,0
DA:222,0
DA:223,0
DA:224,0
DA:225,0
DA:226,0
DA:228,0
DA:229,0
DA:230,0
DA:231,0
DA:233,0
DA:238,0
DA:242,0
DA:244,0
DA:245,0
DA:246,0
DA:247,0
DA:248,0
DA:250,0
DA:251,0
DA:253,0
DA:255,0
DA:256,0
DA:258,0
DA:259,0
DA:261,0
LF:125
LH:0
end_of_record
SF:lib\features\auth\presentation\pages\login_and_forgot_pass_flow\email_input_page.dart
DA:17,0
DA:19,0
DA:20,0
DA:27,0
DA:29,0
DA:30,0
DA:33,0
DA:34,0
DA:35,0
DA:37,0
DA:41,0
DA:43,0
DA:44,0
DA:46,0
DA:47,0
DA:48,0
DA:49,0
DA:50,0
DA:52,0
DA:54,0
DA:57,0
DA:59,0
DA:63,0
DA:64,0
DA:70,0
DA:76,0
DA:77,0
DA:78,0
DA:79,0
DA:80,0
DA:81,0
DA:84,0
DA:85,0
DA:87,0
DA:90,0
DA:93,0
DA:94,0
DA:97,0
DA:98,0
DA:99,0
DA:103,0
DA:104,0
DA:105,0
LF:43
LH:0
end_of_record
SF:lib\features\auth\presentation\pages\login_and_forgot_pass_flow\login_page.dart
DA:17,4
DA:19,1
DA:20,1
DA:29,1
DA:31,1
DA:34,1
DA:36,2
DA:37,2
DA:38,1
DA:41,1
DA:43,1
DA:44,1
DA:46,1
DA:47,1
DA:48,1
DA:49,0
DA:50,0
DA:52,0
DA:55,1
DA:56,1
DA:57,1
DA:59,1
DA:62,1
DA:63,1
DA:64,1
DA:65,3
DA:70,1
DA:71,1
DA:72,3
DA:82,1
DA:89,1
DA:96,1
DA:101,1
DA:102,1
DA:103,2
DA:104,2
DA:106,1
DA:107,1
DA:108,1
DA:109,1
DA:111,1
DA:112,1
DA:114,1
DA:115,1
DA:118,0
DA:119,0
DA:125,1
DA:126,1
DA:128,1
DA:129,1
DA:130,1
DA:133,1
DA:134,1
DA:135,1
DA:138,0
DA:139,0
DA:140,0
DA:144,0
DA:145,0
DA:153,1
DA:156,1
DA:157,1
DA:158,0
DA:159,0
DA:166,1
DA:167,1
DA:170,0
DA:171,0
DA:173,0
DA:174,0
DA:177,0
DA:178,0
DA:187,1
DA:188,1
DA:189,1
DA:190,0
DA:191,0
LF:77
LH:57
end_of_record
SF:lib\features\auth\presentation\pages\login_and_forgot_pass_flow\otp_page.dart
DA:25,0
DA:27,0
DA:28,0
DA:30,0
DA:31,0
DA:35,0
DA:36,0
DA:47,0
DA:49,0
DA:50,0
DA:53,0
DA:54,0
DA:55,0
DA:56,0
DA:58,0
DA:61,0
DA:63,0
DA:64,0
DA:67,0
DA:68,0
DA:69,0
DA:70,0
DA:71,0
DA:72,0
DA:74,0
DA:75,0
DA:81,0
DA:82,0
DA:83,0
DA:84,0
DA:88,0
DA:91,0
DA:92,0
DA:93,0
DA:94,0
DA:97,0
DA:98,0
DA:99,0
DA:101,0
DA:105,0
DA:107,0
DA:108,0
DA:110,0
DA:111,0
DA:112,0
DA:113,0
DA:114,0
DA:116,0
DA:117,0
DA:118,0
DA:119,0
DA:120,0
DA:121,0
DA:125,0
DA:126,0
DA:132,0
DA:133,0
DA:134,0
DA:135,0
DA:136,0
DA:137,0
DA:138,0
DA:141,0
DA:142,0
DA:145,0
DA:146,0
DA:148,0
DA:150,0
DA:153,0
DA:154,0
DA:157,0
DA:159,0
DA:160,0
DA:164,0
DA:165,0
DA:166,0
DA:167,0
DA:171,0
DA:173,0
DA:174,0
DA:175,0
DA:185,0
DA:186,0
DA:187,0
DA:188,0
DA:192,0
DA:194,0
DA:195,0
DA:196,0
DA:197,0
DA:199,0
DA:200,0
DA:211,0
DA:212,0
DA:214,0
DA:215,0
DA:221,0
DA:222,0
DA:223,0
DA:224,0
LF:100
LH:0
end_of_record
SF:lib\features\auth\presentation\pages\login_and_forgot_pass_flow\reset_pass_page.dart
DA:20,0
DA:22,0
DA:23,0
DA:34,0
DA:36,0
DA:37,0
DA:38,0
DA:41,0
DA:42,0
DA:43,0
DA:46,0
DA:47,0
DA:49,0
DA:53,0
DA:57,0
DA:59,0
DA:60,0
DA:62,0
DA:63,0
DA:64,0
DA:66,0
DA:67,0
DA:73,0
DA:78,0
DA:79,0
DA:80,0
DA:81,0
DA:82,0
DA:83,0
DA:87,0
DA:88,0
DA:89,0
DA:92,0
DA:94,0
DA:95,0
DA:97,0
DA:98,0
DA:99,0
DA:102,0
DA:103,0
DA:104,0
DA:107,0
DA:108,0
DA:109,0
DA:113,0
DA:114,0
DA:120,0
DA:121,0
DA:123,0
DA:124,0
DA:125,0
DA:128,0
DA:129,0
DA:130,0
DA:135,0
DA:136,0
DA:137,0
DA:141,0
DA:142,0
DA:149,0
DA:150,0
DA:152,0
DA:153,0
LF:63
LH:0
end_of_record
SF:lib\features\auth\presentation\pages\register_flow\register_page.dart
DA:18,0
DA:20,0
DA:21,0
DA:34,0
DA:36,0
DA:39,0
DA:41,0
DA:42,0
DA:43,0
DA:44,0
DA:45,0
DA:46,0
DA:49,0
DA:50,0
DA:52,0
DA:53,0
DA:54,0
DA:55,0
DA:58,0
DA:59,0
DA:60,0
DA:72,0
DA:74,0
DA:75,0
DA:77,0
DA:78,0
DA:79,0
DA:80,0
DA:81,0
DA:82,0
DA:85,0
DA:86,0
DA:87,0
DA:88,0
DA:90,0
DA:93,0
DA:94,0
DA:95,0
DA:96,0
DA:101,0
DA:102,0
DA:103,0
DA:113,0
DA:120,0
DA:128,0
DA:134,0
DA:135,0
DA:136,0
DA:137,0
DA:138,0
DA:139,0
DA:140,0
DA:142,0
DA:143,0
DA:144,0
DA:146,0
DA:147,0
DA:149,0
DA:150,0
DA:153,0
DA:154,0
DA:160,0
DA:161,0
DA:163,0
DA:164,0
DA:167,0
DA:168,0
DA:174,0
DA:175,0
DA:177,0
DA:178,0
DA:180,0
DA:181,0
DA:187,0
DA:188,0
DA:190,0
DA:191,0
DA:192,0
DA:195,0
DA:196,0
DA:197,0
DA:200,0
DA:201,0
DA:202,0
DA:206,0
DA:207,0
DA:215,0
DA:216,0
DA:217,0
DA:219,0
DA:225,0
DA:226,0
DA:227,0
DA:228,0
DA:229,0
LF:95
LH:0
end_of_record
SF:lib\features\home\presentation\pages\app_shell.dart
DA:13,0
DA:15,0
DA:16,0
DA:23,0
DA:25,0
DA:26,0
DA:29,0
DA:30,0
DA:32,0
DA:33,0
DA:34,0
DA:35,0
DA:39,0
DA:41,0
DA:42,0
DA:43,0
DA:46,0
DA:48,0
DA:49,0
DA:50,0
DA:51,0
DA:54,0
DA:55,0
DA:56,0
DA:57,0
DA:58,0
DA:59,0
DA:60,0
DA:61,0
DA:62,0
DA:66,0
DA:70,0
DA:72,0
DA:73,0
DA:75,0
DA:76,0
DA:77,0
DA:84,0
DA:85,0
DA:88,0
DA:90,0
DA:91,0
DA:92,0
DA:94,0
DA:95,0
DA:104,0
DA:106,0
DA:107,0
DA:109,0
DA:110,0
DA:111,0
DA:112,0
DA:128,0
DA:134,0
DA:135,0
DA:136,0
DA:138,0
DA:139,0
DA:141,0
DA:142,0
DA:144,0
DA:145,0
DA:147,0
DA:148,0
DA:154,0
DA:156,0
DA:158,0
DA:161,0
DA:163,0
DA:165,0
DA:166,0
DA:167,0
DA:169,0
DA:171,0
LF:74
LH:0
end_of_record
SF:lib\features\home\presentation\pages\change_pass_page.dart
DA:15,0
DA:17,0
DA:18,0
DA:31,0
DA:33,0
DA:34,0
DA:35,0
DA:36,0
DA:39,0
DA:40,0
DA:41,0
DA:42,0
DA:45,0
DA:46,0
DA:54,0
DA:56,0
DA:58,0
DA:59,0
DA:60,0
DA:61,0
DA:62,0
DA:63,0
DA:64,0
DA:65,0
DA:66,0
DA:69,0
DA:70,0
DA:73,0
DA:74,0
DA:78,0
DA:79,0
DA:82,0
DA:84,0
DA:85,0
DA:87,0
DA:88,0
DA:89,0
DA:92,0
DA:93,0
DA:94,0
DA:99,0
DA:100,0
DA:101,0
DA:105,0
DA:106,0
DA:112,0
DA:113,0
DA:115,0
DA:116,0
DA:117,0
DA:120,0
DA:121,0
DA:122,0
DA:127,0
DA:128,0
DA:129,0
DA:133,0
DA:134,0
DA:140,0
DA:141,0
DA:143,0
DA:144,0
DA:145,0
DA:148,0
DA:149,0
DA:150,0
DA:155,0
DA:156,0
DA:157,0
DA:161,0
DA:162,0
DA:170,0
DA:171,0
DA:173,0
DA:174,0
LF:75
LH:0
end_of_record
SF:lib\features\home\presentation\pages\home_page.dart
DA:10,4
DA:12,0
DA:13,0
DA:19,0
DA:21,0
DA:24,0
DA:26,0
DA:27,0
DA:29,0
DA:31,0
DA:32,0
DA:35,0
DA:36,0
DA:38,0
DA:39,0
DA:40,0
DA:41,0
DA:42,0
DA:43,0
DA:45,0
DA:46,0
DA:47,0
DA:48,0
DA:50,0
DA:51,0
DA:52,0
DA:53,0
DA:55,0
DA:56,0
DA:57,0
DA:58,0
DA:60,0
DA:61,0
DA:62,0
DA:63,0
DA:65,0
DA:66,0
DA:67,0
DA:68,0
LF:39
LH:1
end_of_record
SF:lib\features\home\presentation\pages\setting_page.dart
DA:260,0
DA:262,0
DA:264,0
DA:266,0
DA:268,0
DA:269,0
DA:271,0
DA:272,0
DA:273,0
DA:274,0
DA:275,0
DA:276,0
DA:277,0
DA:284,0
DA:285,0
DA:287,0
DA:288,0
DA:291,0
DA:292,0
DA:294,0
DA:295,0
DA:297,0
DA:298,0
DA:301,0
DA:302,0
DA:303,0
DA:304,0
DA:305,0
DA:306,0
DA:310,0
DA:313,0
DA:314,0
DA:315,0
DA:316,0
DA:317,0
DA:321,0
DA:329,0
DA:330,0
DA:332,0
DA:333,0
DA:335,0
DA:336,0
DA:339,0
DA:340,0
DA:341,0
DA:342,0
DA:343,0
DA:344,0
DA:346,0
DA:349,0
DA:350,0
DA:351,0
DA:352,0
DA:353,0
DA:357,0
DA:365,0
DA:366,0
DA:368,0
DA:369,0
DA:372,0
DA:373,0
DA:375,0
DA:379,0
DA:380,0
DA:382,0
DA:387,0
DA:388,0
DA:389,0
DA:390,0
DA:391,0
DA:392,0
DA:393,0
DA:405,0
DA:410,0
DA:411,0
DA:412,0
DA:413,0
DA:414,0
DA:416,0
DA:417,0
DA:419,0
DA:421,0
LF:82
LH:0
end_of_record
SF:lib\features\home\presentation\pages\term_of_service_page.dart
DA:6,0
DA:8,0
DA:9,0
DA:13,0
DA:15,0
DA:18,0
DA:20,0
DA:26,0
DA:27,0
DA:28,0
DA:29,0
DA:31,0
DA:32,0
DA:33,0
DA:35,0
DA:37,0
DA:39,0
DA:42,0
DA:43,0
DA:45,0
DA:46,0
DA:51,0
DA:53,0
DA:55,0
DA:57,0
DA:61,0
DA:63,0
DA:65,0
DA:66,0
DA:67,0
DA:68,0
DA:69,0
DA:70,0
DA:71,0
DA:75,0
DA:76,0
DA:77,0
DA:80,0
DA:82,0
DA:83,0
DA:84,0
DA:85,0
DA:87,0
DA:89,0
DA:90,0
DA:91,0
DA:95,0
DA:97,0
DA:99,0
DA:100,0
DA:101,0
DA:103,0
DA:105,0
DA:106,0
DA:107,0
DA:108,0
DA:109,0
DA:110,0
DA:111,0
DA:115,0
DA:117,0
DA:119,0
DA:120,0
DA:122,0
DA:124,0
DA:125,0
DA:126,0
DA:127,0
DA:128,0
DA:129,0
DA:131,0
DA:133,0
DA:134,0
DA:138,0
DA:140,0
DA:142,0
DA:143,0
DA:144,0
DA:145,0
DA:147,0
DA:149,0
DA:150,0
DA:151,0
DA:155,0
DA:157,0
DA:159,0
DA:160,0
DA:161,0
DA:162,0
DA:163,0
DA:165,0
DA:167,0
DA:168,0
DA:169,0
DA:173,0
DA:175,0
DA:177,0
DA:178,0
DA:180,0
DA:182,0
DA:183,0
DA:187,0
DA:189,0
DA:191,0
DA:192,0
DA:194,0
DA:196,0
DA:197,0
DA:198,0
DA:199,0
DA:200,0
DA:204,0
DA:206,0
DA:208,0
DA:209,0
DA:211,0
DA:213,0
DA:214,0
DA:215,0
DA:219,0
DA:221,0
DA:223,0
DA:225,0
DA:227,0
DA:229,0
DA:231,0
DA:235,0
DA:237,0
DA:239,0
DA:240,0
DA:242,0
DA:244,0
DA:245,0
DA:249,0
DA:250,0
DA:251,0
DA:254,0
DA:256,0
DA:257,0
DA:258,0
DA:260,0
DA:261,0
DA:263,0
DA:267,0
DA:271,0
DA:273,0
DA:275,0
DA:277,0
DA:279,0
DA:282,0
DA:284,0
DA:287,0
DA:288,0
DA:296,0
DA:297,0
DA:299,0
DA:301,0
DA:302,0
DA:303,0
DA:304,0
LF:160
LH:0
end_of_record
SF:lib\features\splash\presentation\pages\splash_page.dart
DA:9,4
DA:11,0
DA:12,0
DA:16,0
DA:18,0
DA:19,0
DA:22,0
DA:24,0
DA:25,0
DA:26,0
DA:27,0
DA:28,0
DA:29,0
DA:30,0
DA:31,0
LF:15
LH:1
end_of_record
SF:lib\features\splash\presentation\pages\splash_page_2.dart
DA:11,4
DA:13,0
DA:15,0
DA:16,0
DA:18,0
DA:19,0
DA:20,0
DA:21,0
DA:23,0
DA:26,0
DA:30,0
DA:31,0
DA:32,0
DA:37,0
DA:39,0
DA:42,0
DA:50,0
DA:51,0
DA:53,0
DA:58,0
DA:59,0
DA:61,0
DA:68,0
DA:69,0
DA:70,0
DA:71,0
DA:77,0
DA:79,0
DA:80,0
DA:81,0
DA:87,0
DA:89,0
DA:90,0
DA:93,0
DA:94,0
DA:95,0
DA:96,0
DA:97,0
DA:101,0
DA:102,0
DA:103,0
DA:106,0
DA:107,0
DA:108,0
DA:109,0
DA:113,0
DA:114,0
DA:115,0
LF:48
LH:1
end_of_record
SF:lib\shared\widgets\layout.dart
DA:10,1
DA:19,1
DA:21,1
DA:23,1
DA:24,1
DA:26,1
DA:27,1
DA:39,1
DA:43,1
DA:44,1
DA:45,1
DA:46,1
DA:48,0
DA:50,1
DA:51,1
DA:52,1
DA:53,4
DA:63,1
DA:65,1
DA:66,2
DA:67,1
DA:69,1
DA:71,1
DA:73,1
DA:74,2
DA:79,4
DA:85,1
DA:86,0
DA:90,0
DA:92,0
DA:93,0
DA:94,0
DA:96,0
DA:97,0
DA:98,0
DA:99,0
LF:36
LH:26
end_of_record
SF:lib\config\themes\theme_cubit.dart
DA:6,0
DA:8,0
DA:9,0
DA:10,0
DA:13,0
DA:14,0
DA:15,0
DA:18,0
DA:19,0
DA:23,0
DA:26,0
DA:28,0
DA:30,0
DA:37,0
DA:39,0
DA:41,0
DA:48,0
DA:49,0
DA:50,0
LF:19
LH:0
end_of_record
SF:lib\core\network\dio_module.dart
DA:17,1
DA:19,3
DA:21,1
DA:24,2
DA:26,1
DA:30,1
DA:33,1
DA:36,3
DA:39,1
DA:41,2
DA:42,1
DA:43,1
DA:44,1
DA:45,2
DA:46,3
DA:50,2
DA:51,0
DA:53,2
DA:54,3
DA:56,1
DA:58,0
DA:59,0
DA:62,0
DA:63,0
DA:67,0
DA:73,0
DA:74,0
DA:76,0
DA:80,0
DA:82,0
DA:84,0
DA:85,0
DA:92,0
DA:93,0
DA:95,0
DA:99,0
DA:100,0
DA:101,0
DA:102,0
DA:103,0
DA:105,0
DA:106,0
DA:107,0
DA:109,0
DA:111,0
DA:115,0
DA:116,0
DA:117,0
DA:118,0
DA:119,0
DA:120,0
DA:121,0
DA:124,0
DA:129,0
LF:54
LH:19
end_of_record
SF:lib\features\auth\data\repositories\auth_repository_impl.dart
DA:12,1
DA:14,1
DA:16,2
DA:19,1
DA:21,2
DA:24,1
DA:26,2
DA:29,1
DA:31,2
DA:34,1
DA:36,2
DA:39,1
DA:41,2
DA:44,1
DA:46,2
DA:49,1
DA:51,2
LF:17
LH:17
end_of_record
SF:lib\features\auth\domain\usecase.dart
DA:10,1
DA:12,1
DA:13,2
DA:21,1
DA:23,1
DA:24,2
DA:32,1
DA:34,1
DA:35,2
DA:43,1
DA:45,1
DA:46,2
DA:49,1
DA:50,2
DA:58,1
DA:60,1
DA:61,2
DA:64,1
DA:65,2
DA:68,1
DA:69,2
LF:21
LH:21
end_of_record
SF:lib\features\event_expense\data\repositories\event_repository_impl.dart
DA:12,0
DA:14,0
DA:16,0
LF:3
LH:0
end_of_record
SF:lib\features\event_expense\data\repositories\expense_repository_impl.dart
DA:12,0
DA:14,0
DA:16,0
DA:19,0
DA:21,0
DA:24,0
DA:26,0
DA:29,0
DA:31,0
DA:34,0
DA:36,0
LF:11
LH:0
end_of_record
SF:lib\features\event_expense\data\source\event_remote_datasource_impl.dart
DA:11,0
DA:13,0
DA:15,0
DA:16,0
DA:17,0
DA:19,0
DA:20,0
DA:21,0
LF:8
LH:0
end_of_record
SF:lib\features\event_expense\data\source\expense_remote_datasource_impl.dart
DA:11,0
DA:13,0
DA:15,0
DA:18,0
DA:20,0
DA:23,0
DA:25,0
DA:28,0
DA:30,0
DA:31,0
DA:32,0
DA:33,0
DA:36,0
DA:38,0
DA:39,0
DA:40,0
DA:42,0
DA:43,0
DA:45,0
LF:19
LH:0
end_of_record
SF:lib\features\event_expense\domain\usecase.dart
DA:13,0
DA:15,0
DA:16,0
DA:19,0
DA:20,0
DA:23,0
DA:24,0
DA:27,0
DA:28,0
DA:31,0
DA:32,0
DA:35,0
DA:36,0
LF:13
LH:0
end_of_record
SF:lib\features\friend\data\repositories\friend_repository_impl.dart
DA:12,0
DA:14,0
DA:16,0
DA:19,0
DA:21,0
DA:24,0
DA:26,0
DA:29,0
DA:31,0
DA:34,0
DA:36,0
DA:39,0
DA:41,0
LF:13
LH:0
end_of_record
SF:lib\features\friend\data\source\friend_remote_datasource_impl.dart
DA:12,0
DA:14,0
DA:17,0
DA:19,0
DA:26,0
DA:29,0
DA:35,0
DA:38,0
DA:44,0
DA:52,0
DA:54,0
DA:55,0
DA:64,0
DA:65,0
DA:66,0
DA:67,0
DA:68,0
DA:69,0
DA:72,0
DA:79,0
DA:86,0
DA:88,0
DA:95,0
DA:96,0
DA:97,0
DA:98,0
DA:99,0
DA:100,0
DA:103,0
DA:110,0
DA:117,0
DA:119,0
DA:125,0
DA:126,0
DA:127,0
DA:128,0
DA:129,0
DA:130,0
DA:133,0
LF:39
LH:0
end_of_record
SF:lib\features\friend\domain\usecase.dart
DA:13,0
DA:15,0
DA:16,0
DA:19,0
DA:20,0
DA:23,0
DA:24,0
DA:27,0
DA:28,0
DA:31,0
DA:32,0
DA:35,0
DA:36,0
LF:13
LH:0
end_of_record
SF:lib\features\group\data\repositories\group_repository_impl.dart
DA:11,0
DA:13,0
DA:15,0
DA:18,0
DA:24,0
DA:31,0
DA:38,0
LF:7
LH:0
end_of_record
SF:lib\features\group\data\source\group_remote_datasource_impl.dart
DA:12,0
DA:14,0
DA:21,0
DA:27,0
DA:28,0
DA:29,0
DA:30,0
DA:32,0
DA:34,0
DA:35,0
DA:42,0
DA:49,0
DA:59,0
DA:67,0
LF:14
LH:0
end_of_record
SF:lib\features\group\domain\usecase.dart
DA:10,0
DA:12,0
DA:13,0
DA:16,0
DA:21,0
DA:28,0
DA:34,0
LF:7
LH:0
end_of_record
SF:lib\features\user\data\repositories\user_repository_impl.dart
DA:11,0
DA:13,0
DA:15,0
DA:18,0
DA:20,0
DA:23,0
DA:25,0
LF:7
LH:0
end_of_record
SF:lib\features\user\data\source\user_remote_datasource_impl.dart
DA:12,0
DA:14,0
DA:22,0
DA:24,0
DA:31,0
DA:32,0
DA:33,0
DA:34,0
DA:35,0
DA:36,0
DA:39,0
DA:46,0
DA:53,0
DA:54,0
DA:55,0
DA:62,0
DA:63,0
DA:64,0
DA:65,0
DA:66,0
DA:67,0
DA:70,0
DA:74,0
DA:81,0
DA:82,0
DA:83,0
DA:84,0
DA:99,0
DA:100,0
DA:101,0
DA:104,0
DA:105,0
DA:115,0
DA:124,0
DA:133,0
DA:142,0
LF:36
LH:0
end_of_record
SF:lib\features\user\domain\usecase.dart
DA:10,0
DA:12,0
DA:13,0
DA:16,0
DA:17,0
DA:20,0
DA:21,0
LF:7
LH:0
end_of_record
SF:lib\shared\services\settings_service.dart
DA:10,0
DA:12,0
DA:13,0
DA:14,0
DA:15,0
DA:18,0
DA:19,0
DA:20,0
DA:21,0
DA:22,0
DA:23,0
DA:26,0
DA:27,0
DA:28,0
DA:29,0
DA:30,0
DA:33,0
DA:34,0
DA:35,0
DA:36,0
DA:39,0
DA:40,0
DA:41,0
DA:43,0
DA:50,0
DA:51,0
LF:26
LH:0
end_of_record
SF:lib\core\di\injection.dart
DA:5,3
DA:7,1
DA:8,2
LF:3
LH:3
end_of_record
SF:lib\features\auth\presentation\bloc\auth_event.dart
DA:5,4
DA:7,0
DA:8,0
DA:15,0
DA:17,0
DA:18,0
DA:22,4
DA:24,0
DA:25,0
DA:29,4
DA:31,0
DA:32,0
DA:39,0
DA:41,0
DA:42,0
DA:48,0
DA:50,0
DA:51,0
DA:58,0
DA:60,0
DA:61,0
DA:68,0
DA:73,0
DA:74,0
DA:81,0
DA:86,0
DA:87,0
LF:27
LH:3
end_of_record
SF:lib\shared\services\local\models\token_local_model.dart
DA:11,1
DA:21,0
DA:23,0
DA:24,0
DA:25,0
DA:27,0
DA:28,0
DA:29,0
DA:33,0
DA:36,0
DA:37,0
DA:38,0
DA:39,0
DA:40,0
LF:14
LH:1
end_of_record
SF:lib\shared\services\local\models\user_local_model.dart
DA:23,0
DA:37,0
DA:39,0
DA:40,0
DA:41,0
DA:43,0
DA:44,0
DA:45,0
DA:46,0
DA:47,0
DA:48,0
DA:49,0
DA:53,0
DA:56,0
DA:57,0
DA:58,0
DA:59,0
DA:60,0
DA:61,0
DA:62,0
DA:63,0
DA:64,0
DA:65,0
DA:66,0
DA:67,0
DA:68,0
LF:26
LH:0
end_of_record
SF:lib\shared\utils\message_code.dart
DA:22,0
DA:23,0
DA:25,0
DA:26,0
DA:27,0
DA:28,0
DA:29,0
DA:30,0
DA:31,0
DA:32,0
DA:33,0
DA:34,0
DA:35,0
DA:36,0
LF:14
LH:0
end_of_record
SF:lib\shared\widgets\push_noti_in_app_widget.dart
DA:10,0
DA:12,0
DA:14,0
DA:16,0
DA:21,0
DA:22,0
DA:27,0
DA:28,0
DA:30,0
DA:32,0
DA:34,0
DA:39,0
DA:41,0
DA:42,0
DA:50,0
DA:52,0
DA:53,0
DA:62,0
DA:64,0
DA:65,0
DA:70,0
DA:72,0
DA:75,0
DA:77,0
DA:80,0
DA:82,0
DA:83,0
DA:86,0
DA:89,0
DA:91,0
DA:92,0
DA:93,0
DA:94,0
DA:95,0
DA:96,0
DA:98,0
DA:99,0
DA:101,0
DA:102,0
DA:104,0
DA:105,0
DA:106,0
DA:108,0
DA:110,0
DA:111,0
DA:112,0
DA:113,0
DA:114,0
DA:130,0
DA:131,0
DA:133,0
DA:135,0
DA:136,0
DA:137,0
DA:139,0
DA:140,0
DA:141,0
DA:142,0
DA:144,0
DA:146,0
DA:147,0
DA:149,0
DA:151,0
DA:155,0
DA:157,0
LF:65
LH:0
end_of_record
SF:lib\shared\utils\validation_input.dart
DA:6,1
DA:7,1
DA:8,1
DA:10,2
DA:11,1
DA:16,1
DA:17,1
DA:18,1
DA:21,2
DA:22,1
DA:25,2
DA:26,2
DA:27,2
DA:28,2
DA:31,1
DA:37,1
DA:42,1
DA:43,1
DA:45,2
DA:46,1
DA:51,1
DA:56,2
DA:57,2
DA:58,1
DA:60,1
DA:61,1
DA:64,1
DA:65,0
DA:72,1
DA:74,1
DA:78,1
DA:80,0
DA:83,1
DA:85,1
DA:88,1
DA:90,0
DA:96,1
DA:97,1
DA:98,1
DA:100,4
DA:101,1
DA:106,1
DA:107,1
DA:108,1
DA:110,4
DA:111,1
DA:117,1
DA:118,2
DA:119,1
DA:123,3
DA:125,1
DA:129,1
DA:130,1
DA:136,1
DA:137,1
DA:138,1
DA:140,2
DA:141,1
DA:146,1
DA:147,1
DA:148,1
DA:150,2
DA:151,1
LF:63
LH:60
end_of_record
SF:lib\shared\widgets\content_card.dart
DA:7,0
DA:13,0
DA:15,0
DA:16,0
DA:17,0
DA:18,0
DA:21,0
DA:22,0
DA:23,0
DA:24,0
DA:25,0
DA:33,0
LF:12
LH:0
end_of_record
SF:lib\shared\widgets\custom_button.dart
DA:17,1
DA:26,1
DA:29,1
DA:36,1
DA:37,1
DA:38,4
DA:41,5
DA:43,0
DA:46,0
DA:51,1
DA:54,1
DA:70,1
DA:71,3
DA:72,3
DA:73,1
DA:74,1
DA:75,1
DA:76,2
DA:77,0
DA:81,2
DA:82,1
DA:83,2
DA:87,0
DA:89,2
DA:90,1
DA:93,0
DA:95,1
DA:98,1
DA:100,1
DA:101,1
DA:102,1
DA:103,1
DA:104,2
LF:33
LH:28
end_of_record
SF:lib\shared\widgets\custom_form_wrapper.dart
DA:7,1
DA:18,1
DA:25,1
DA:26,1
DA:32,1
DA:34,1
DA:35,3
DA:36,3
DA:38,1
DA:41,1
DA:43,3
DA:44,3
DA:46,1
DA:49,1
DA:50,4
DA:51,1
DA:52,4
DA:55,2
DA:56,0
DA:57,0
DA:62,1
DA:64,1
DA:65,2
DA:66,4
LF:24
LH:22
end_of_record
SF:lib\shared\widgets\custom_text_input_widget.dart
DA:34,1
DA:51,1
DA:54,1
DA:60,1
DA:61,1
DA:62,4
DA:63,0
DA:64,3
DA:65,3
DA:67,1
DA:69,1
DA:71,2
DA:72,1
DA:75,1
DA:76,1
DA:77,1
DA:78,1
DA:79,1
DA:81,1
DA:82,0
DA:83,0
DA:84,0
DA:86,1
DA:87,1
DA:89,2
DA:90,1
DA:91,1
DA:92,1
DA:93,1
DA:95,3
DA:101,4
DA:105,0
DA:107,0
DA:113,1
DA:119,1
DA:120,1
DA:121,1
DA:122,1
DA:123,4
DA:126,1
DA:129,1
DA:130,1
DA:136,0
DA:141,1
DA:142,1
DA:155,1
DA:156,1
DA:159,1
DA:160,1
LF:49
LH:42
end_of_record
SF:lib\shared\widgets\simple_layout.dart
DA:9,0
DA:16,0
DA:18,0
DA:19,0
DA:20,0
DA:23,0
DA:27,0
DA:28,0
DA:29,0
DA:31,0
DA:34,0
DA:35,0
DA:36,0
DA:38,0
DA:45,0
DA:47,0
DA:50,0
DA:51,0
DA:56,0
DA:58,0
DA:60,0
DA:66,0
DA:67,0
DA:70,0
LF:24
LH:0
end_of_record
SF:lib\shared\widgets\text_button.dart
DA:10,1
DA:18,1
DA:20,1
DA:22,1
DA:25,1
DA:26,3
DA:27,1
DA:28,1
DA:29,2
DA:33,1
DA:34,1
DA:39,1
DA:40,1
DA:41,1
DA:42,3
DA:44,2
LF:16
LH:16
end_of_record
SF:lib\shared\widgets\wave_painter.dart
DA:8,0
DA:10,0
DA:12,0
DA:14,0
DA:17,0
DA:20,0
DA:22,0
DA:23,0
DA:24,0
DA:25,0
DA:28,0
DA:29,0
DA:30,0
DA:31,0
DA:35,0
DA:38,0
DA:40,0
DA:43,0
LF:18
LH:0
end_of_record
SF:lib\features\event_expense\data\models\event_model.dart
DA:20,0
DA:32,0
DA:33,0
LF:3
LH:0
end_of_record
SF:lib\features\event_expense\data\models\event_model.g.dart
DA:9,0
DA:10,0
DA:11,0
DA:12,0
DA:14,0
DA:15,0
DA:16,0
DA:18,0
DA:19,0
DA:21,0
DA:22,0
DA:24,0
DA:25,0
DA:26,0
DA:29,0
DA:30,0
DA:31,0
DA:32,0
DA:33,0
DA:34,0
DA:35,0
DA:36,0
DA:37,0
DA:38,0
DA:39,0
LF:25
LH:0
end_of_record
SF:lib\features\event_expense\data\models\expense_model.dart
DA:24,0
DA:40,0
DA:41,0
DA:42,0
LF:4
LH:0
end_of_record
SF:lib\features\event_expense\data\models\expense_model.g.dart
DA:9,0
DA:10,0
DA:11,0
DA:12,0
DA:13,0
DA:15,0
DA:16,0
DA:17,0
DA:18,0
DA:19,0
DA:21,0
DA:22,0
DA:24,0
DA:25,0
DA:26,0
DA:28,0
DA:29,0
DA:31,0
DA:32,0
DA:35,0
DA:36,0
DA:37,0
DA:38,0
DA:39,0
DA:40,0
DA:41,0
DA:42,0
DA:43,0
DA:44,0
DA:45,0
DA:46,0
DA:47,0
DA:48,0
DA:49,0
LF:34
LH:0
end_of_record
SF:lib\shared\models\enum.dart
DA:170,0
LF:1
LH:0
end_of_record
SF:lib\shared\models\paging_model.dart
DA:6,0
DA:12,0
DA:13,0
DA:14,0
DA:15,0
DA:16,0
DA:17,0
LF:7
LH:0
end_of_record
SF:lib\features\friend\data\models\friend_model.dart
DA:12,0
DA:22,0
DA:23,0
DA:24,0
DA:25,0
DA:26,0
DA:27,0
DA:28,0
DA:29,0
DA:32,0
DA:36,0
DA:37,0
DA:38,0
DA:39,0
DA:40,0
DA:41,0
DA:42,0
DA:43,0
DA:44,0
LF:19
LH:0
end_of_record
SF:lib\features\group\data\models\group_member_model.dart
DA:15,0
DA:24,0
DA:25,0
LF:3
LH:0
end_of_record
SF:lib\features\group\data\models\group_member_model.g.dart
DA:9,0
DA:10,0
DA:11,0
DA:12,0
DA:14,0
DA:15,0
DA:17,0
DA:18,0
DA:20,0
DA:21,0
DA:22,0
DA:25,0
DA:26,0
DA:27,0
DA:28,0
DA:29,0
DA:30,0
DA:31,0
DA:32,0
LF:19
LH:0
end_of_record
SF:lib\features\group\data\models\group_model.dart
DA:22,0
DA:33,0
DA:34,0
LF:3
LH:0
end_of_record
SF:lib\features\group\data\models\group_model.g.dart
DA:9,0
DA:10,0
DA:11,0
DA:12,0
DA:13,0
DA:15,0
DA:16,0
DA:17,0
DA:18,0
DA:19,0
DA:21,0
DA:22,0
DA:23,0
DA:24,0
DA:25,0
DA:28,0
DA:29,0
DA:30,0
DA:31,0
DA:32,0
DA:33,0
DA:34,0
DA:35,0
DA:36,0
DA:37,0
LF:25
LH:0
end_of_record
SF:lib\features\home\presentation\widgets\add_button_widget.dart
DA:5,4
DA:7,0
DA:9,0
DA:12,0
DA:13,0
DA:15,0
DA:16,0
DA:20,0
DA:22,0
DA:23,0
DA:27,0
DA:29,0
DA:30,0
DA:37,0
DA:40,0
DA:41,0
DA:42,0
DA:45,0
DA:48,0
DA:49,0
DA:50,0
DA:56,0
DA:62,0
DA:64,0
DA:66,0
DA:68,0
DA:69,0
DA:71,0
DA:74,0
DA:90,0
LF:30
LH:1
end_of_record
SF:lib\shared\widgets\show_dialog_widget.dart
DA:3,0
DA:9,0
DA:11,0
DA:13,0
DA:14,0
DA:15,0
DA:16,0
DA:19,0
DA:24,0
DA:26,0
DA:29,0
DA:31,0
DA:32,0
DA:34,0
DA:42,0
DA:43,0
DA:49,0
DA:51,0
LF:18
LH:0
end_of_record
SF:lib\features\home\presentation\widgets\button_grid.dart
DA:9,0
DA:22,0
DA:29,0
DA:31,0
DA:32,0
DA:33,0
DA:34,0
DA:36,0
DA:37,0
DA:38,0
DA:39,0
DA:41,0
DA:42,0
DA:43,0
DA:44,0
DA:45,0
DA:52,0
DA:54,0
DA:56,0
DA:57,0
DA:58,0
DA:59,0
DA:63,0
DA:64,0
DA:65,0
DA:69,0
DA:88,0
DA:96,0
DA:99,0
DA:102,0
DA:103,0
DA:104,0
DA:105,0
DA:106,0
DA:109,0
DA:110,0
DA:111,0
DA:112,0
DA:125,0
DA:132,0
DA:134,0
DA:135,0
DA:136,0
DA:137,0
DA:138,0
DA:139,0
LF:46
LH:0
end_of_record
SF:lib\features\home\presentation\widgets\general_widget.dart
DA:8,0
DA:14,0
DA:16,0
DA:17,0
DA:18,0
DA:19,0
DA:20,0
DA:24,0
DA:26,0
DA:27,0
DA:28,0
DA:29,0
DA:30,0
DA:31,0
DA:33,0
DA:34,0
DA:35,0
DA:36,0
DA:37,0
DA:47,0
DA:49,0
DA:50,0
DA:51,0
DA:54,0
DA:57,0
DA:60,0
DA:61,0
DA:64,0
LF:28
LH:0
end_of_record
SF:lib\shared\services\local\models\setting_local_model.dart
DA:14,1
DA:20,1
DA:22,0
DA:27,0
DA:28,0
DA:29,0
DA:30,0
DA:34,0
DA:36,0
DA:45,0
DA:47,0
DA:48,0
DA:49,0
DA:51,0
DA:52,0
DA:53,0
DA:54,0
DA:58,0
DA:61,0
DA:62,0
DA:63,0
DA:64,0
DA:65,0
DA:66,0
DA:67,0
LF:25
LH:2
end_of_record
